2015/03/15 15:27:24 [error] [exception.CHttpException.400] exception 'CHttpException' with message 'Your request is invalid.' in D:\xampp\htdocs\yii\framework\web\CController.php:336
Stack trace:
#0 D:\xampp\htdocs\yii\framework\web\CController.php(309): CController->invalidActionParams(Object(CInlineAction))
#1 D:\xampp\htdocs\yii\framework\web\filters\CFilterChain.php(133): CController->runAction(Object(CInlineAction))
#2 D:\xampp\htdocs\yii\framework\web\filters\CFilter.php(40): CFilterChain->run()
#3 D:\xampp\htdocs\yii\framework\web\CController.php(1145): CFilter->filter(Object(CFilterChain))
#4 D:\xampp\htdocs\yii\framework\web\filters\CInlineFilter.php(58): CController->filterAccessControl(Object(CFilterChain))
#5 D:\xampp\htdocs\yii\framework\web\filters\CFilterChain.php(130): CInlineFilter->filter(Object(CFilterChain))
#6 D:\xampp\htdocs\yii\framework\web\CController.php(291): CFilterChain->run()
#7 D:\xampp\htdocs\yii\framework\web\CController.php(265): CController->runActionWithFilters(Object(CInlineAction), Array)
#8 D:\xampp\htdocs\yii\framework\web\CWebApplication.php(282): CController->run('view')
#9 D:\xampp\htdocs\yii\framework\web\CWebApplication.php(141): CWebApplication->runController('taikhoan/view')
#10 D:\xampp\htdocs\yii\framework\base\CApplication.php(184): CWebApplication->processRequest()
#11 D:\xampp\htdocs\yii\hososv\index.php(13): CApplication->run()
#12 {main}
REQUEST_URI=/yii/hososv/index.php?r=taikhoan/view
---
2015/03/15 16:03:07 [error] [exception.CHttpException.400] exception 'CHttpException' with message 'Your request is invalid.' in D:\xampp\htdocs\yii\framework\web\CController.php:336
Stack trace:
#0 D:\xampp\htdocs\yii\framework\web\CController.php(309): CController->invalidActionParams(Object(CInlineAction))
#1 D:\xampp\htdocs\yii\framework\web\filters\CFilterChain.php(133): CController->runAction(Object(CInlineAction))
#2 D:\xampp\htdocs\yii\framework\web\filters\CFilter.php(40): CFilterChain->run()
#3 D:\xampp\htdocs\yii\framework\web\CController.php(1145): CFilter->filter(Object(CFilterChain))
#4 D:\xampp\htdocs\yii\framework\web\filters\CInlineFilter.php(58): CController->filterAccessControl(Object(CFilterChain))
#5 D:\xampp\htdocs\yii\framework\web\filters\CFilterChain.php(130): CInlineFilter->filter(Object(CFilterChain))
#6 D:\xampp\htdocs\yii\framework\web\CController.php(291): CFilterChain->run()
#7 D:\xampp\htdocs\yii\framework\web\CController.php(265): CController->runActionWithFilters(Object(CInlineAction), Array)
#8 D:\xampp\htdocs\yii\framework\web\CWebApplication.php(282): CController->run('view')
#9 D:\xampp\htdocs\yii\framework\web\CWebApplication.php(141): CWebApplication->runController('ttbsnguoidung/v...')
#10 D:\xampp\htdocs\yii\framework\base\CApplication.php(184): CWebApplication->processRequest()
#11 D:\xampp\htdocs\yii\hososv\index.php(13): CApplication->run()
#12 {main}
REQUEST_URI=/yii/hososv/index.php?r=ttbsnguoidung/view
---
